<?xml version="1.0" encoding="utf-8"?><testsuites name="pytest tests"><testsuite name="pytest" errors="0" failures="0" skipped="0" tests="10" time="1.762" timestamp="2026-04-29T01:51:13.882481+00:00" hostname="agent-env-4929918b-187c-4ec1-adf3-5238a77e085d"><testcase classname="backend.tests.test_api" name="test_root" time="0.229" /><testcase classname="backend.tests.test_api" name="test_status_post_get" time="0.237" /><testcase classname="backend.tests.test_api" name="test_contact_create_valid" time="0.148" /><testcase classname="backend.tests.test_api" name="test_contact_invalid_email" time="0.114" /><testcase classname="backend.tests.test_api" name="test_contact_missing_required" time="0.113" /><testcase classname="backend.tests.test_api" name="test_contact_list_no_id_leak" time="0.129" /><testcase classname="backend.tests.test_api" name="test_contact_service_values[innovation]" time="0.109" /><testcase classname="backend.tests.test_api" name="test_contact_service_values[ai]" time="0.123" /><testcase classname="backend.tests.test_api" name="test_contact_service_values[digital]" time="0.173" /><testcase classname="backend.tests.test_api" name="test_contact_service_values[other]" time="0.161" /></testsuite></testsuites>